0 info it worked if it ends with ok
1 verbose cli [ '/Users/son/.nvm/v0.12.4/bin/node',
1 verbose cli   '/Users/son/.nvm/v0.12.4/bin/npm',
1 verbose cli   'install',
1 verbose cli   '-g',
1 verbose cli   '-http-server' ]
2 info using npm@2.10.1
3 info using node@v0.12.4
4 verbose install initial load of /Users/son/.nvm/v0.12.4/lib/package.json
5 verbose readDependencies loading dependencies from /Users/son/.nvm/v0.12.4/lib/package.json
6 silly cache add args [ '.', null ]
7 verbose cache add spec .
8 silly cache add parsed spec { raw: '.',
8 silly cache add   scope: null,
8 silly cache add   name: null,
8 silly cache add   rawSpec: '.',
8 silly cache add   spec: '/Users/son/Desktop/playground/chat',
8 silly cache add   type: 'local' }
9 error addLocal Could not install /Users/son/Desktop/playground/chat
10 verbose stack Error: EISDIR, read
10 verbose stack     at Error (native)
11 verbose cwd /Users/son/Desktop/playground/chat
12 error Darwin 14.3.0
13 error argv "/Users/son/.nvm/v0.12.4/bin/node" "/Users/son/.nvm/v0.12.4/bin/npm" "install" "-g" "-http-server"
14 error node v0.12.4
15 error npm  v2.10.1
16 error code EISDIR
17 error errno -21
18 error EISDIR, read
19 error If you need help, you may report this error at:
19 error     <https://github.com/npm/npm/issues>
20 verbose exit [ -21, true ]
